Arguments: 
  C:\Program Files\nodejs\node.exe C:\Program Files (x86)\Yarn\bin\yarn.js add dotenv

PATH: 
  C:\Windows\system32;C:\Windows;C:\Windows\System32\Wbem;C:\Windows\System32\WindowsPowerShell\v1.0\;C:\Windows\System32\OpenSSH\;C:\Program Files\Microsoft SQL Server\Client SDK\ODBC\170\Tools\Binn\;C:\Program Files\dotnet\;C:\WINDOWS\system32\config\systemprofile\.dnx\bin;C:\Program Files\Microsoft DNX\Dnvm\;C:\Users\Develop2\AppData\Roaming\nvm;C:\Program Files\nodejs;C:\WINDOWS\system32;C:\WINDOWS;C:\WINDOWS\System32\Wbem;C:\WINDOWS\System32\WindowsPowerShell\v1.0\;C:\WINDOWS\System32\OpenSSH\;C:\Program Files (x86)\Yarn\bin\;C:\Program Files\Git\cmd;C:\Program Files\TortoiseSVN\bin;C:\Program Files\Microsoft SQL Server\Client SDK\ODBC\110\Tools\Binn\;C:\Program Files (x86)\Microsoft SQL Server\110\Tools\Binn\;C:\Program Files\Microsoft SQL Server\110\Tools\Binn\;C:\Program Files\Microsoft SQL Server\110\DTS\Binn\;C:\Program Files (x86)\Microsoft SQL Server\150\DTS\Binn\;C:\Program Files\Azure Data Studio\bin;C:\Users\Develop2\.dnx\bin;C:\Users\Develop2\AppData\Local\Microsoft\WindowsApps;C:\Users\Develop2\.dotnet\tools;C:\Users\Develop2\AppData\Local\Programs\Microsoft VS Code\bin;C:\Program Files\Azure Data Studio\bin;C:\Users\Develop2\AppData\Roaming\npm;C:\Users\Develop2\AppData\Roaming\nvm;C:\Program Files\nodejs;C:\Users\Develop2\AppData\Local\Yarn\bin;C:\Program Files\Azure Data Studio\bin;C:\Program Files\Azure Data Studio\bin;C:\Program Files\Azure Data Studio\bin;C:\Program Files\Azure Data Studio\bin

Yarn version: 
  1.22.18

Node version: 
  16.15.0

Platform: 
  win32 x64

Trace: 
  SyntaxError: E:\Rohidas\micro-saas\api\package.json: Unexpected string in JSON at position 62
      at JSON.parse (<anonymous>)
      at C:\Program Files (x86)\Yarn\lib\cli.js:1625:59
      at Generator.next (<anonymous>)
      at step (C:\Program Files (x86)\Yarn\lib\cli.js:310:30)
      at C:\Program Files (x86)\Yarn\lib\cli.js:321:13

npm manifest: 
  {
    "name": "api",
    "version": "1.0.0",
    "license": "MIT"
    "scripts": {
      "dev": "nodemon server/server.ts",
      "lint": "eslint . --ext .ts, .tsx"
    }
  }

yarn manifest: 
  No manifest

Lockfile: 
  No lockfile
